<?xml version="1.0" encoding="UTF-8"?>
<robot generator="Robot 6.0.1 (Python 3.11.0 on win32)" generated="20221122 03:49:34.553" rpa="false" schemaversion="3">
<suite id="s1" name="ValidateLoginForm" source="C:\Users\_VOIS\Documents\GitHub\robot-framework-ui-api-testing\ui_tests\ValidateLoginForm.robot">
<test id="s1-t1" name="1- Validate succesffull login with the valid credentials" line="11">
<kw name="Open the browser with the target URL" library="Resources" type="SETUP">
<kw name="Create Webdriver" library="SeleniumLibrary">
<arg>Chrome</arg>
<doc>Creates an instance of Selenium WebDriver.</doc>
<msg timestamp="20221122 03:49:34.756" level="INFO">Creating an instance of the Chrome WebDriver.</msg>
<status status="PASS" starttime="20221122 03:49:34.756" endtime="20221122 03:49:35.825"/>
</kw>
<kw name="Maximize Browser Window" library="SeleniumLibrary">
<doc>Maximizes current browser window.</doc>
<status status="PASS" starttime="20221122 03:49:35.825" endtime="20221122 03:49:35.958"/>
</kw>
<kw name="Go To" library="SeleniumLibrary">
<arg>${URL_Login_Page_Practice}</arg>
<doc>Navigates the current browser window to the provided ``url``.</doc>
<msg timestamp="20221122 03:49:35.958" level="INFO">Opening url 'https://rahulshettyacademy.com/loginpagePractise/'</msg>
<status status="PASS" starttime="20221122 03:49:35.958" endtime="20221122 03:49:36.633"/>
</kw>
<status status="PASS" starttime="20221122 03:49:34.756" endtime="20221122 03:49:36.633"/>
</kw>
<kw name="Fill out the login form">
<arg>${Valid_UserName_Input_Text}</arg>
<arg>${Valid_Password_Input_Text}</arg>
<kw name="Clear Element Text" library="SeleniumLibrary">
<arg>${UserName_Locator_ID}</arg>
<doc>Clears the value of the text-input-element identified by ``locator``.</doc>
<status status="PASS" starttime="20221122 03:49:36.633" endtime="20221122 03:49:36.671"/>
</kw>
<kw name="Clear Element Text" library="SeleniumLibrary">
<arg>${Password_Locator_ID}</arg>
<doc>Clears the value of the text-input-element identified by ``locator``.</doc>
<status status="PASS" starttime="20221122 03:49:36.671" endtime="20221122 03:49:36.703"/>
</kw>
<kw name="Input Text" library="SeleniumLibrary">
<arg>${UserName_Locator_ID}</arg>
<arg>${UserName}</arg>
<doc>Types the given ``text`` into the text field identified by ``locator``.</doc>
<msg timestamp="20221122 03:49:36.703" level="INFO">Typing text 'rahulshettyacademy' into text field 'id:username'.</msg>
<status status="PASS" starttime="20221122 03:49:36.703" endtime="20221122 03:49:36.801"/>
</kw>
<kw name="Input Password" library="SeleniumLibrary">
<arg>${Password_Locator_ID}</arg>
<arg>${Password}</arg>
<doc>Types the given password into the text field identified by ``locator``.</doc>
<msg timestamp="20221122 03:49:36.801" level="INFO">Typing password into text field 'id:password'.</msg>
<msg timestamp="20221122 03:49:36.823" level="INFO">Temporally setting log level to: NONE</msg>
<msg timestamp="20221122 03:49:36.861" level="INFO">Log level changed from NONE to INFO.</msg>
<status status="PASS" starttime="20221122 03:49:36.801" endtime="20221122 03:49:36.861"/>
</kw>
<kw name="Click Button" library="SeleniumLibrary">
<arg>${SignIn_Button_Locator_ID}</arg>
<doc>Clicks the button identified by ``locator``.</doc>
<msg timestamp="20221122 03:49:36.861" level="INFO">Clicking button 'id:signInBtn'.</msg>
<status status="PASS" starttime="20221122 03:49:36.861" endtime="20221122 03:49:36.910"/>
</kw>
<status status="PASS" starttime="20221122 03:49:36.633" endtime="20221122 03:49:36.910"/>
</kw>
<kw name="Wait for page contains" library="Resources">
<arg>${Expected_Shop_Page_Header_Text}</arg>
<kw name="Wait Until Page Contains" library="SeleniumLibrary">
<arg>${Expected_Text}</arg>
<doc>Waits until ``text`` appears on the current page.</doc>
<status status="PASS" starttime="20221122 03:49:36.911" endtime="20221122 03:49:40.989"/>
</kw>
<status status="PASS" starttime="20221122 03:49:36.910" endtime="20221122 03:49:40.989"/>
</kw>
<kw name="URL should be" library="Resources">
<arg>${URL_Angular_Practice_Shop}</arg>
<kw name="Location Should Be" library="SeleniumLibrary">
<arg>${URL}</arg>
<doc>Verifies that the current URL is exactly ``url``.</doc>
<msg timestamp="20221122 03:49:40.994" level="INFO">Current location is 'https://rahulshettyacademy.com/angularpractice/shop'.</msg>
<status status="PASS" starttime="20221122 03:49:40.990" endtime="20221122 03:49:40.994"/>
</kw>
<status status="PASS" starttime="20221122 03:49:40.990" endtime="20221122 03:49:40.994"/>
</kw>
<kw name="Validate shop page header">
<kw name="Get Text" library="SeleniumLibrary">
<var>${Actual_Shop_Page_Header_Text}</var>
<arg>${Shop_Page_Header_Locator_XPATH}</arg>
<doc>Returns the text value of the element identified by ``locator``.</doc>
<msg timestamp="20221122 03:49:41.004" level="INFO">${Actual_Shop_Page_Header_Text} = ProtoCommerce Home</msg>
<status status="PASS" starttime="20221122 03:49:40.995" endtime="20221122 03:49:41.004"/>
</kw>
<kw name="Should Be Equal As Strings" library="BuiltIn">
<arg>${Actual_Shop_Page_Header_Text}</arg>
<arg>${Expected_Shop_Page_Header_Text}</arg>
<doc>Fails if objects are unequal after converting them to strings.</doc>
<status status="PASS" starttime="20221122 03:49:41.004" endtime="20221122 03:49:41.004"/>
</kw>
<kw name="Element Text Should Be" library="SeleniumLibrary">
<arg>${Shop_Page_Header_Locator_XPATH}</arg>
<arg>${Expected_Shop_Page_Header_Text}</arg>
<doc>Verifies that element ``locator`` contains exact the text ``expected``.</doc>
<msg timestamp="20221122 03:49:41.004" level="INFO">Verifying element 'xpath://button[@class='navbar-toggler']//preceding-sibling::a[@class='navbar-brand']' contains exact text 'ProtoCommerce Home'.</msg>
<status status="PASS" starttime="20221122 03:49:41.004" endtime="20221122 03:49:41.019"/>
</kw>
<status status="PASS" starttime="20221122 03:49:40.995" endtime="20221122 03:49:41.019"/>
</kw>
<kw name="Close the browser" library="Resources" type="TEARDOWN">
<kw name="Close Browser" library="SeleniumLibrary">
<doc>Closes the current browser.</doc>
<status status="PASS" starttime="20221122 03:49:41.019" endtime="20221122 03:49:43.084"/>
</kw>
<status status="PASS" starttime="20221122 03:49:41.019" endtime="20221122 03:49:43.084"/>
</kw>
<status status="PASS" starttime="20221122 03:49:34.756" endtime="20221122 03:49:43.084"/>
</test>
<test id="s1-t2" name="2- Validate unsuccesffull login with InValid credentials" line="17">
<kw name="Open the browser with the target URL" library="Resources" type="SETUP">
<kw name="Create Webdriver" library="SeleniumLibrary">
<arg>Chrome</arg>
<doc>Creates an instance of Selenium WebDriver.</doc>
<msg timestamp="20221122 03:49:43.084" level="INFO">Creating an instance of the Chrome WebDriver.</msg>
<status status="PASS" starttime="20221122 03:49:43.084" endtime="20221122 03:49:44.089"/>
</kw>
<kw name="Maximize Browser Window" library="SeleniumLibrary">
<doc>Maximizes current browser window.</doc>
<status status="PASS" starttime="20221122 03:49:44.089" endtime="20221122 03:49:44.211"/>
</kw>
<kw name="Go To" library="SeleniumLibrary">
<arg>${URL_Login_Page_Practice}</arg>
<doc>Navigates the current browser window to the provided ``url``.</doc>
<msg timestamp="20221122 03:49:44.211" level="INFO">Opening url 'https://rahulshettyacademy.com/loginpagePractise/'</msg>
<status status="PASS" starttime="20221122 03:49:44.211" endtime="20221122 03:49:44.869"/>
</kw>
<status status="PASS" starttime="20221122 03:49:43.084" endtime="20221122 03:49:44.869"/>
</kw>
<kw name="Fill out the login form">
<arg>${InValid_UserName_Input_Text}</arg>
<arg>${InValid_Password_Input_Text}</arg>
<kw name="Clear Element Text" library="SeleniumLibrary">
<arg>${UserName_Locator_ID}</arg>
<doc>Clears the value of the text-input-element identified by ``locator``.</doc>
<status status="PASS" starttime="20221122 03:49:44.871" endtime="20221122 03:49:44.895"/>
</kw>
<kw name="Clear Element Text" library="SeleniumLibrary">
<arg>${Password_Locator_ID}</arg>
<doc>Clears the value of the text-input-element identified by ``locator``.</doc>
<status status="PASS" starttime="20221122 03:49:44.895" endtime="20221122 03:49:44.942"/>
</kw>
<kw name="Input Text" library="SeleniumLibrary">
<arg>${UserName_Locator_ID}</arg>
<arg>${UserName}</arg>
<doc>Types the given ``text`` into the text field identified by ``locator``.</doc>
<msg timestamp="20221122 03:49:44.942" level="INFO">Typing text 'InValidUserName' into text field 'id:username'.</msg>
<status status="PASS" starttime="20221122 03:49:44.942" endtime="20221122 03:49:45.020"/>
</kw>
<kw name="Input Password" library="SeleniumLibrary">
<arg>${Password_Locator_ID}</arg>
<arg>${Password}</arg>
<doc>Types the given password into the text field identified by ``locator``.</doc>
<msg timestamp="20221122 03:49:45.020" level="INFO">Typing password into text field 'id:password'.</msg>
<msg timestamp="20221122 03:49:45.053" level="INFO">Temporally setting log level to: NONE</msg>
<msg timestamp="20221122 03:49:45.092" level="INFO">Log level changed from NONE to INFO.</msg>
<status status="PASS" starttime="20221122 03:49:45.020" endtime="20221122 03:49:45.094"/>
</kw>
<kw name="Click Button" library="SeleniumLibrary">
<arg>${SignIn_Button_Locator_ID}</arg>
<doc>Clicks the button identified by ``locator``.</doc>
<msg timestamp="20221122 03:49:45.094" level="INFO">Clicking button 'id:signInBtn'.</msg>
<status status="PASS" starttime="20221122 03:49:45.094" endtime="20221122 03:49:45.139"/>
</kw>
<status status="PASS" starttime="20221122 03:49:44.869" endtime="20221122 03:49:45.139"/>
</kw>
<kw name="Wait for element visibility" library="Resources">
<arg>${SignIn_Error_Message_Locator_XPATH}</arg>
<kw name="Wait Until Element Is Visible" library="SeleniumLibrary">
<arg>${Element_Locator}</arg>
<doc>Waits until the element ``locator`` is visible.</doc>
<status status="PASS" starttime="20221122 03:49:45.140" endtime="20221122 03:49:47.301"/>
</kw>
<status status="PASS" starttime="20221122 03:49:45.140" endtime="20221122 03:49:47.301"/>
</kw>
<kw name="Validate Incorrect error message content">
<kw name="Element Should Contain" library="SeleniumLibrary">
<arg>${SignIn_Error_Message_Locator_XPATH}</arg>
<arg>Incorrect</arg>
<doc>Verifies that element ``locator`` contains text ``expected``.</doc>
<msg timestamp="20221122 03:49:47.319" level="INFO">Element 'xpath://div[@class='alert alert-danger col-md-12']' contains text 'Incorrect'.</msg>
<status status="PASS" starttime="20221122 03:49:47.302" endtime="20221122 03:49:47.319"/>
</kw>
<kw name="Get Text" library="SeleniumLibrary">
<var>${IncorrectMessageText}</var>
<arg>${SignIn_Error_Message_Locator_XPATH}</arg>
<doc>Returns the text value of the element identified by ``locator``.</doc>
<msg timestamp="20221122 03:49:47.333" level="INFO">${IncorrectMessageText} = Incorrect username/password.</msg>
<status status="PASS" starttime="20221122 03:49:47.319" endtime="20221122 03:49:47.333"/>
</kw>
<kw name="Should Be Equal As Strings" library="BuiltIn">
<arg>${IncorrectMessageText}</arg>
<arg>${Incorrect_UserName_Password_Error_Message}</arg>
<doc>Fails if objects are unequal after converting them to strings.</doc>
<status status="PASS" starttime="20221122 03:49:47.333" endtime="20221122 03:49:47.334"/>
</kw>
<kw name="Element Text Should Be" library="SeleniumLibrary">
<arg>${SignIn_Error_Message_Locator_XPATH}</arg>
<arg>${Incorrect_UserName_Password_Error_Message}</arg>
<doc>Verifies that element ``locator`` contains exact the text ``expected``.</doc>
<msg timestamp="20221122 03:49:47.334" level="INFO">Verifying element 'xpath://div[@class='alert alert-danger col-md-12']' contains exact text 'Incorrect username/password.'.</msg>
<status status="PASS" starttime="20221122 03:49:47.334" endtime="20221122 03:49:47.346"/>
</kw>
<status status="PASS" starttime="20221122 03:49:47.302" endtime="20221122 03:49:47.346"/>
</kw>
<kw name="Close the browser" library="Resources" type="TEARDOWN">
<kw name="Close Browser" library="SeleniumLibrary">
<doc>Closes the current browser.</doc>
<status status="PASS" starttime="20221122 03:49:47.347" endtime="20221122 03:49:49.411"/>
</kw>
<status status="PASS" starttime="20221122 03:49:47.347" endtime="20221122 03:49:49.411"/>
</kw>
<status status="PASS" starttime="20221122 03:49:43.084" endtime="20221122 03:49:49.411"/>
</test>
<test id="s1-t3" name="3- Validate unsuccesffull login with empty credentials" line="22">
<kw name="Open the browser with the target URL" library="Resources" type="SETUP">
<kw name="Create Webdriver" library="SeleniumLibrary">
<arg>Chrome</arg>
<doc>Creates an instance of Selenium WebDriver.</doc>
<msg timestamp="20221122 03:49:49.411" level="INFO">Creating an instance of the Chrome WebDriver.</msg>
<status status="PASS" starttime="20221122 03:49:49.411" endtime="20221122 03:49:50.403"/>
</kw>
<kw name="Maximize Browser Window" library="SeleniumLibrary">
<doc>Maximizes current browser window.</doc>
<status status="PASS" starttime="20221122 03:49:50.403" endtime="20221122 03:49:50.522"/>
</kw>
<kw name="Go To" library="SeleniumLibrary">
<arg>${URL_Login_Page_Practice}</arg>
<doc>Navigates the current browser window to the provided ``url``.</doc>
<msg timestamp="20221122 03:49:50.522" level="INFO">Opening url 'https://rahulshettyacademy.com/loginpagePractise/'</msg>
<status status="PASS" starttime="20221122 03:49:50.522" endtime="20221122 03:49:51.175"/>
</kw>
<status status="PASS" starttime="20221122 03:49:49.411" endtime="20221122 03:49:51.176"/>
</kw>
<kw name="Fill out the login form with empty credentials">
<kw name="Click Button" library="SeleniumLibrary">
<arg>${SignIn_Button_Locator_ID}</arg>
<doc>Clicks the button identified by ``locator``.</doc>
<msg timestamp="20221122 03:49:51.176" level="INFO">Clicking button 'id:signInBtn'.</msg>
<status status="PASS" starttime="20221122 03:49:51.176" endtime="20221122 03:49:51.232"/>
</kw>
<status status="PASS" starttime="20221122 03:49:51.176" endtime="20221122 03:49:51.232"/>
</kw>
<kw name="Wait for element visibility" library="Resources">
<arg>${SignIn_Error_Message_Locator_XPATH}</arg>
<kw name="Wait Until Element Is Visible" library="SeleniumLibrary">
<arg>${Element_Locator}</arg>
<doc>Waits until the element ``locator`` is visible.</doc>
<status status="PASS" starttime="20221122 03:49:51.232" endtime="20221122 03:49:51.247"/>
</kw>
<status status="PASS" starttime="20221122 03:49:51.232" endtime="20221122 03:49:51.247"/>
</kw>
<kw name="Validate Empty error message content">
<kw name="Element Should Contain" library="SeleniumLibrary">
<arg>${SignIn_Error_Message_Locator_XPATH}</arg>
<arg>Empty</arg>
<doc>Verifies that element ``locator`` contains text ``expected``.</doc>
<msg timestamp="20221122 03:49:51.263" level="INFO">Element 'xpath://div[@class='alert alert-danger col-md-12']' contains text 'Empty'.</msg>
<status status="PASS" starttime="20221122 03:49:51.247" endtime="20221122 03:49:51.263"/>
</kw>
<kw name="Get Text" library="SeleniumLibrary">
<var>${EmptyMessageText}</var>
<arg>${SignIn_Error_Message_Locator_XPATH}</arg>
<doc>Returns the text value of the element identified by ``locator``.</doc>
<msg timestamp="20221122 03:49:51.279" level="INFO">${EmptyMessageText} = Empty username/password.</msg>
<status status="PASS" starttime="20221122 03:49:51.263" endtime="20221122 03:49:51.279"/>
</kw>
<kw name="Should Be Equal As Strings" library="BuiltIn">
<arg>${EmptyMessageText}</arg>
<arg>${Empty_UserName_Password_Error_Message}</arg>
<doc>Fails if objects are unequal after converting them to strings.</doc>
<status status="PASS" starttime="20221122 03:49:51.279" endtime="20221122 03:49:51.279"/>
</kw>
<kw name="Element Text Should Be" library="SeleniumLibrary">
<arg>${SignIn_Error_Message_Locator_XPATH}</arg>
<arg>${Empty_UserName_Password_Error_Message}</arg>
<doc>Verifies that element ``locator`` contains exact the text ``expected``.</doc>
<msg timestamp="20221122 03:49:51.279" level="INFO">Verifying element 'xpath://div[@class='alert alert-danger col-md-12']' contains exact text 'Empty username/password.'.</msg>
<status status="PASS" starttime="20221122 03:49:51.279" endtime="20221122 03:49:51.294"/>
</kw>
<status status="PASS" starttime="20221122 03:49:51.247" endtime="20221122 03:49:51.294"/>
</kw>
<kw name="Close the browser" library="Resources" type="TEARDOWN">
<kw name="Close Browser" library="SeleniumLibrary">
<doc>Closes the current browser.</doc>
<status status="PASS" starttime="20221122 03:49:51.294" endtime="20221122 03:49:53.356"/>
</kw>
<status status="PASS" starttime="20221122 03:49:51.294" endtime="20221122 03:49:53.356"/>
</kw>
<status status="PASS" starttime="20221122 03:49:49.411" endtime="20221122 03:49:53.356"/>
</test>
<doc>Validate the login form

Keywords are imported from the resource file</doc>
<status status="PASS" starttime="20221122 03:49:34.569" endtime="20221122 03:49:53.356"/>
</suite>
<statistics>
<total>
<stat pass="3" fail="0" skip="0">All Tests</stat>
</total>
<tag>
</tag>
<suite>
<stat pass="3" fail="0" skip="0" id="s1" name="ValidateLoginForm">ValidateLoginForm</stat>
</suite>
</statistics>
<errors>
<msg timestamp="20221122 03:49:34.756" level="ERROR">Error in file 'C:\Users\_VOIS\Documents\GitHub\robot-framework-ui-api-testing\ui_tests\Resources.robot' on line 6: Importing library 'HTTP RequestsLibrary (Python)' failed: ModuleNotFoundError: No module named 'HTTP RequestsLibrary (Python)'
Traceback (most recent call last):
  None
PYTHONPATH:
  C:\Users\_VOIS\AppData\Local\Programs\Python\Python311\Scripts\robot.exe
  C:\Users\_VOIS\AppData\Local\Programs\Python\Python311\python311.zip
  C:\Users\_VOIS\AppData\Local\Programs\Python\Python311\Lib
  C:\Users\_VOIS\AppData\Local\Programs\Python\Python311\DLLs
  C:\Users\_VOIS\AppData\Local\Programs\Python\Python311
  C:\Users\_VOIS\AppData\Local\Programs\Python\Python311\Lib\site-packages</msg>
</errors>
</robot>
